  Lab10.3.cpp
C:\Users\Oleg\source\repos\Lab10.3\Lab10.3\Lab10.3.cpp(36,1): warning C4326: return type of 'main' should be 'int' instead of 'void'
C:\Users\Oleg\source\repos\Lab10.3\Lab10.3\Lab10.3.cpp(37,12): warning C4244: 'argument': conversion from 'time_t' to 'unsigned int', possible loss of data
C:\Users\Oleg\source\repos\Lab10.3\Lab10.3\Lab10.3.cpp(53,23): warning C4018: '<': signed/unsigned mismatch
C:\Users\Oleg\source\repos\Lab10.3\Lab10.3\Lab10.3.cpp(71,10): warning C4566: character represented by universal-character-name '\u2116' cannot be represented in the current code page (1252)
C:\Users\Oleg\source\repos\Lab10.3\Lab10.3\Lab10.3.cpp(183,23): warning C4018: '<': signed/unsigned mismatch
C:\Users\Oleg\source\repos\Lab10.3\Lab10.3\Lab10.3.cpp(198,11): warning C4566: character represented by universal-character-name '\u0414' cannot be represented in the current code page (1252)
C:\Users\Oleg\source\repos\Lab10.3\Lab10.3\Lab10.3.cpp(198,11): warning C4566: character represented by universal-character-name '\u043E' cannot be represented in the current code page (1252)
C:\Users\Oleg\source\repos\Lab10.3\Lab10.3\Lab10.3.cpp(198,11): warning C4566: character represented by universal-character-name '\u0434' cannot be represented in the current code page (1252)
C:\Users\Oleg\source\repos\Lab10.3\Lab10.3\Lab10.3.cpp(198,11): warning C4566: character represented by universal-character-name '\u0430' cannot be represented in the current code page (1252)
C:\Users\Oleg\source\repos\Lab10.3\Lab10.3\Lab10.3.cpp(198,11): warning C4566: character represented by universal-character-name '\u0442' cannot be represented in the current code page (1252)
C:\Users\Oleg\source\repos\Lab10.3\Lab10.3\Lab10.3.cpp(198,11): warning C4566: character represented by universal-character-name '\u0438' cannot be represented in the current code page (1252)
C:\Users\Oleg\source\repos\Lab10.3\Lab10.3\Lab10.3.cpp(198,11): warning C4566: character represented by universal-character-name '\u043C' cannot be represented in the current code page (1252)
C:\Users\Oleg\source\repos\Lab10.3\Lab10.3\Lab10.3.cpp(198,11): warning C4566: character represented by universal-character-name '\u0440' cannot be represented in the current code page (1252)
C:\Users\Oleg\source\repos\Lab10.3\Lab10.3\Lab10.3.cpp(198,11): warning C4566: character represented by universal-character-name '\u0448' cannot be represented in the current code page (1252)
C:\Users\Oleg\source\repos\Lab10.3\Lab10.3\Lab10.3.cpp(198,11): warning C4566: character represented by universal-character-name '\u0443' cannot be represented in the current code page (1252)
C:\Users\Oleg\source\repos\Lab10.3\Lab10.3\Lab10.3.cpp(199,4): warning C4566: character represented by universal-character-name '\u0412' cannot be represented in the current code page (1252)
C:\Users\Oleg\source\repos\Lab10.3\Lab10.3\Lab10.3.cpp(199,4): warning C4566: character represented by universal-character-name '\u0438' cannot be represented in the current code page (1252)
C:\Users\Oleg\source\repos\Lab10.3\Lab10.3\Lab10.3.cpp(199,4): warning C4566: character represented by universal-character-name '\u0434' cannot be represented in the current code page (1252)
C:\Users\Oleg\source\repos\Lab10.3\Lab10.3\Lab10.3.cpp(199,4): warning C4566: character represented by universal-character-name '\u0430' cannot be represented in the current code page (1252)
C:\Users\Oleg\source\repos\Lab10.3\Lab10.3\Lab10.3.cpp(199,4): warning C4566: character represented by universal-character-name '\u043B' cannot be represented in the current code page (1252)
C:\Users\Oleg\source\repos\Lab10.3\Lab10.3\Lab10.3.cpp(199,4): warning C4566: character represented by universal-character-name '\u0442' cannot be represented in the current code page (1252)
C:\Users\Oleg\source\repos\Lab10.3\Lab10.3\Lab10.3.cpp(199,4): warning C4566: character represented by universal-character-name '\u043C' cannot be represented in the current code page (1252)
C:\Users\Oleg\source\repos\Lab10.3\Lab10.3\Lab10.3.cpp(199,4): warning C4566: character represented by universal-character-name '\u0440' cannot be represented in the current code page (1252)
C:\Users\Oleg\source\repos\Lab10.3\Lab10.3\Lab10.3.cpp(199,4): warning C4566: character represented by universal-character-name '\u0448' cannot be represented in the current code page (1252)
C:\Users\Oleg\source\repos\Lab10.3\Lab10.3\Lab10.3.cpp(199,4): warning C4566: character represented by universal-character-name '\u0443' cannot be represented in the current code page (1252)
C:\Users\Oleg\source\repos\Lab10.3\Lab10.3\Lab10.3.cpp(200,4): warning C4566: character represented by universal-character-name '\u0420' cannot be represented in the current code page (1252)
C:\Users\Oleg\source\repos\Lab10.3\Lab10.3\Lab10.3.cpp(200,4): warning C4566: character represented by universal-character-name '\u0435' cannot be represented in the current code page (1252)
C:\Users\Oleg\source\repos\Lab10.3\Lab10.3\Lab10.3.cpp(200,4): warning C4566: character represented by universal-character-name '\u0434' cannot be represented in the current code page (1252)
C:\Users\Oleg\source\repos\Lab10.3\Lab10.3\Lab10.3.cpp(200,4): warning C4566: character represented by universal-character-name '\u0430' cannot be represented in the current code page (1252)
C:\Users\Oleg\source\repos\Lab10.3\Lab10.3\Lab10.3.cpp(200,4): warning C4566: character represented by universal-character-name '\u0433' cannot be represented in the current code page (1252)
C:\Users\Oleg\source\repos\Lab10.3\Lab10.3\Lab10.3.cpp(200,4): warning C4566: character represented by universal-character-name '\u0443' cannot be represented in the current code page (1252)
C:\Users\Oleg\source\repos\Lab10.3\Lab10.3\Lab10.3.cpp(200,4): warning C4566: character represented by universal-character-name '\u0432' cannot be represented in the current code page (1252)
C:\Users\Oleg\source\repos\Lab10.3\Lab10.3\Lab10.3.cpp(200,4): warning C4566: character represented by universal-character-name '\u0442' cannot be represented in the current code page (1252)
C:\Users\Oleg\source\repos\Lab10.3\Lab10.3\Lab10.3.cpp(200,4): warning C4566: character represented by universal-character-name '\u0438' cannot be represented in the current code page (1252)
C:\Users\Oleg\source\repos\Lab10.3\Lab10.3\Lab10.3.cpp(200,4): warning C4566: character represented by universal-character-name '\u043C' cannot be represented in the current code page (1252)
C:\Users\Oleg\source\repos\Lab10.3\Lab10.3\Lab10.3.cpp(200,4): warning C4566: character represented by universal-character-name '\u0440' cannot be represented in the current code page (1252)
C:\Users\Oleg\source\repos\Lab10.3\Lab10.3\Lab10.3.cpp(200,4): warning C4566: character represented by universal-character-name '\u0448' cannot be represented in the current code page (1252)
C:\Users\Oleg\source\repos\Lab10.3\Lab10.3\Lab10.3.cpp(201,4): warning C4566: character represented by universal-character-name '\u0421' cannot be represented in the current code page (1252)
C:\Users\Oleg\source\repos\Lab10.3\Lab10.3\Lab10.3.cpp(201,4): warning C4566: character represented by universal-character-name '\u043E' cannot be represented in the current code page (1252)
C:\Users\Oleg\source\repos\Lab10.3\Lab10.3\Lab10.3.cpp(201,4): warning C4566: character represented by universal-character-name '\u0440' cannot be represented in the current code page (1252)
C:\Users\Oleg\source\repos\Lab10.3\Lab10.3\Lab10.3.cpp(201,4): warning C4566: character represented by universal-character-name '\u0442' cannot be represented in the current code page (1252)
C:\Users\Oleg\source\repos\Lab10.3\Lab10.3\Lab10.3.cpp(201,4): warning C4566: character represented by universal-character-name '\u0443' cannot be represented in the current code page (1252)
C:\Users\Oleg\source\repos\Lab10.3\Lab10.3\Lab10.3.cpp(201,4): warning C4566: character represented by universal-character-name '\u0432' cannot be represented in the current code page (1252)
C:\Users\Oleg\source\repos\Lab10.3\Lab10.3\Lab10.3.cpp(201,4): warning C4566: character represented by universal-character-name '\u0430' cannot be represented in the current code page (1252)
C:\Users\Oleg\source\repos\Lab10.3\Lab10.3\Lab10.3.cpp(201,4): warning C4566: character represented by universal-character-name '\u0438' cannot be represented in the current code page (1252)
C:\Users\Oleg\source\repos\Lab10.3\Lab10.3\Lab10.3.cpp(201,4): warning C4566: character represented by universal-character-name '\u0437' cannot be represented in the current code page (1252)
C:\Users\Oleg\source\repos\Lab10.3\Lab10.3\Lab10.3.cpp(201,4): warning C4566: character represented by universal-character-name '\u043A' cannot be represented in the current code page (1252)
C:\Users\Oleg\source\repos\Lab10.3\Lab10.3\Lab10.3.cpp(201,4): warning C4566: character represented by universal-character-name '\u043B' cannot be represented in the current code page (1252)
C:\Users\Oleg\source\repos\Lab10.3\Lab10.3\Lab10.3.cpp(201,4): warning C4566: character represented by universal-character-name '\u0434' cannot be represented in the current code page (1252)
C:\Users\Oleg\source\repos\Lab10.3\Lab10.3\Lab10.3.cpp(202,4): warning C4566: character represented by universal-character-name '\u0412' cannot be represented in the current code page (1252)
C:\Users\Oleg\source\repos\Lab10.3\Lab10.3\Lab10.3.cpp(202,4): warning C4566: character represented by universal-character-name '\u0432' cannot be represented in the current code page (1252)
C:\Users\Oleg\source\repos\Lab10.3\Lab10.3\Lab10.3.cpp(202,4): warning C4566: character represented by universal-character-name '\u0435' cannot be represented in the current code page (1252)
C:\Users\Oleg\source\repos\Lab10.3\Lab10.3\Lab10.3.cpp(202,4): warning C4566: character represented by universal-character-name '\u0441' cannot be represented in the current code page (1252)
C:\Users\Oleg\source\repos\Lab10.3\Lab10.3\Lab10.3.cpp(202,4): warning C4566: character represented by universal-character-name '\u0442' cannot be represented in the current code page (1252)
C:\Users\Oleg\source\repos\Lab10.3\Lab10.3\Lab10.3.cpp(202,4): warning C4566: character represented by universal-character-name '\u0438' cannot be represented in the current code page (1252)
C:\Users\Oleg\source\repos\Lab10.3\Lab10.3\Lab10.3.cpp(202,4): warning C4566: character represented by universal-character-name '\u0447' cannot be represented in the current code page (1252)
C:\Users\Oleg\source\repos\Lab10.3\Lab10.3\Lab10.3.cpp(202,4): warning C4566: character represented by universal-character-name '\u0430' cannot be represented in the current code page (1252)
C:\Users\Oleg\source\repos\Lab10.3\Lab10.3\Lab10.3.cpp(203,4): warning C4566: character represented by universal-character-name '\u041F' cannot be represented in the current code page (1252)
C:\Users\Oleg\source\repos\Lab10.3\Lab10.3\Lab10.3.cpp(203,4): warning C4566: character represented by universal-character-name '\u043E' cannot be represented in the current code page (1252)
C:\Users\Oleg\source\repos\Lab10.3\Lab10.3\Lab10.3.cpp(203,4): warning C4566: character represented by universal-character-name '\u043A' cannot be represented in the current code page (1252)
C:\Users\Oleg\source\repos\Lab10.3\Lab10.3\Lab10.3.cpp(203,4): warning C4566: character represented by universal-character-name '\u0430' cannot be represented in the current code page (1252)
C:\Users\Oleg\source\repos\Lab10.3\Lab10.3\Lab10.3.cpp(203,4): warning C4566: character represented by universal-character-name '\u0437' cannot be represented in the current code page (1252)
C:\Users\Oleg\source\repos\Lab10.3\Lab10.3\Lab10.3.cpp(203,4): warning C4566: character represented by universal-character-name '\u0442' cannot be represented in the current code page (1252)
C:\Users\Oleg\source\repos\Lab10.3\Lab10.3\Lab10.3.cpp(203,4): warning C4566: character represented by universal-character-name '\u0438' cannot be represented in the current code page (1252)
C:\Users\Oleg\source\repos\Lab10.3\Lab10.3\Lab10.3.cpp(203,4): warning C4566: character represented by universal-character-name '\u0432' cannot be represented in the current code page (1252)
C:\Users\Oleg\source\repos\Lab10.3\Lab10.3\Lab10.3.cpp(203,4): warning C4566: character represented by universal-character-name '\u0441' cannot be represented in the current code page (1252)
C:\Users\Oleg\source\repos\Lab10.3\Lab10.3\Lab10.3.cpp(203,4): warning C4566: character represented by universal-character-name '\u0456' cannot be represented in the current code page (1252)
C:\Users\Oleg\source\repos\Lab10.3\Lab10.3\Lab10.3.cpp(203,4): warning C4566: character represented by universal-character-name '\u043C' cannot be represented in the current code page (1252)
C:\Users\Oleg\source\repos\Lab10.3\Lab10.3\Lab10.3.cpp(203,4): warning C4566: character represented by universal-character-name '\u0440' cannot be represented in the current code page (1252)
C:\Users\Oleg\source\repos\Lab10.3\Lab10.3\Lab10.3.cpp(203,4): warning C4566: character represented by universal-character-name '\u0448' cannot be represented in the current code page (1252)
C:\Users\Oleg\source\repos\Lab10.3\Lab10.3\Lab10.3.cpp(203,4): warning C4566: character represented by universal-character-name '\u0443' cannot be represented in the current code page (1252)
C:\Users\Oleg\source\repos\Lab10.3\Lab10.3\Lab10.3.cpp(287,23): warning C4018: '<': signed/unsigned mismatch
C:\Users\Oleg\source\repos\Lab10.3\Lab10.3\Lab10.3.cpp(320,24): warning C4018: '<': signed/unsigned mismatch
C:\Users\Oleg\source\repos\Lab10.3\Lab10.3\Lab10.3.cpp(338,24): warning C4018: '<': signed/unsigned mismatch
C:\Users\Oleg\source\repos\Lab10.3\Lab10.3\Lab10.3.cpp(370,10): warning C4566: character represented by universal-character-name '\u2116' cannot be represented in the current code page (1252)
C:\Users\Oleg\source\repos\Lab10.3\Lab10.3\Lab10.3.cpp(374,31): warning C4018: '>': signed/unsigned mismatch
C:\Users\Oleg\source\repos\Lab10.3\Lab10.3\Lab10.3.cpp(395,23): warning C4018: '<': signed/unsigned mismatch
  Lab10.3.vcxproj -> C:\Users\Oleg\source\repos\Lab10.3\Debug\Lab10.3.exe
